<?xml version="1.0" encoding="UTF-8"?>
<!-- Generated by org.testng.reporters.JUnitReportReporter -->
<testsuite name="com.feo.testcases.Login_Testcase" tests="1" time="0.047" ignored="0" failures="0" timestamp="22 Jan 2018 03:39:07 GMT" skipped="0" hostname="DESKTOP-LTL258K" errors="0">
  <testcase name="verify_create_account_valid_inputs" time="0.047" classname="com.feo.testcases.Login_Testcase"/>
</testsuite> <!-- com.feo.testcases.Login_Testcase -->
